\BOOKMARK [0][-]{section*.1}{\376\377\000C\000o\000p\000y\000r\000i\000g\000h\000t}{}% 1
\BOOKMARK [0][-]{section*.3}{\376\377\000\315\000n\000d\000i\000c\000e\000\040\000g\000e\000n\000e\000r\000a\000l}{}% 2
\BOOKMARK [0][-]{chapter.1}{\376\377\000I\000n\000t\000r\000o\000d\000u\000c\000c\000i\000\363\000n\000\040\000a\000l\000\040\000p\000r\000o\000b\000l\000e\000m\000a}{}% 3
\BOOKMARK [1][-]{section.1.1}{\376\377\000P\000l\000a\000n\000t\000e\000a\000m\000i\000e\000n\000t\000o\000\040\000d\000e\000\040\000l\000a\000\040\000e\000c\000u\000a\000c\000i\000o\000n\000\040\000d\000e\000\040\000L\000a\000p\000l\000a\000c\000e}{chapter.1}% 4
\BOOKMARK [2][-]{subsection.1.1.1}{\376\377\000P\000l\000a\000n\000t\000e\000a\000m\000i\000e\000n\000t\000o\000\040\000d\000e\000\040\000l\000a\000\040\000e\000c\000u\000a\000c\000i\000\363\000n\000\040\000d\000e\000\040\000L\000a\000p\000l\000a\000c\000e\000\040\000e\000n\000\040\000c\000o\000o\000r\000d\000e\000n\000a\000d\000a\000s\000\040\000p\000o\000l\000a\000r\000e\000s}{section.1.1}% 5
\BOOKMARK [2][-]{subsection.1.1.2}{\376\377\000C\000o\000n\000d\000i\000c\000i\000o\000n\000e\000s\000\040\000d\000e\000\040\000f\000r\000o\000n\000t\000e\000r\000a}{section.1.1}% 6
\BOOKMARK [1][-]{section.1.2}{\376\377\000A\000d\000i\000m\000e\000n\000s\000i\000o\000n\000a\000l\000i\000z\000a\000c\000i\000\363\000n\000\040\000d\000e\000\040\000l\000a\000\040\000e\000c\000u\000a\000c\000i\000\363\000n\000\040\000d\000e\000\040\000L\000a\000p\000l\000a\000c\000e}{chapter.1}% 7
\BOOKMARK [2][-]{subsection.1.2.1}{\376\377\000V\000a\000r\000i\000a\000b\000l\000e\000s\000\040\000a\000d\000i\000m\000e\000n\000s\000i\000o\000n\000a\000l\000e\000s}{section.1.2}% 8
\BOOKMARK [2][-]{subsection.1.2.2}{\376\377\000E\000c\000u\000a\000c\000i\000\363\000n\000\040\000a\000d\000i\000m\000e\000n\000s\000i\000o\000n\000a\000l\000i\000z\000a\000d\000a}{section.1.2}% 9
\BOOKMARK [2][-]{subsection.1.2.3}{\376\377\000C\000o\000n\000d\000i\000c\000i\000o\000n\000e\000s\000\040\000d\000e\000\040\000f\000r\000o\000n\000t\000e\000r\000a\000\040\000a\000d\000i\000m\000e\000n\000s\000i\000o\000n\000a\000l\000i\000z\000a\000d\000a\000s}{section.1.2}% 10
\BOOKMARK [2][-]{subsection.1.2.4}{\376\377\000D\000i\000s\000c\000r\000e\000t\000i\000z\000a\000c\000i\000\363\000n\000\040\000d\000e\000\040\000l\000a\000\040\000e\000c\000u\000a\000c\000i\000\363\000n\000\040\000d\000e\000\040\000L\000a\000p\000l\000a\000c\000e}{section.1.2}% 11
\BOOKMARK [2][-]{subsection.1.2.5}{\376\377\000C\000o\000n\000d\000i\000c\000i\000o\000n\000e\000s\000\040\000d\000e\000\040\000f\000r\000o\000n\000t\000e\000r\000a\000\040\000d\000i\000s\000c\000r\000e\000t\000i\000z\000a\000d\000a\000s}{section.1.2}% 12
\BOOKMARK [1][-]{section.1.3}{\376\377\000M\000\351\000t\000o\000d\000o\000s\000\040\000I\000t\000e\000r\000a\000t\000i\000v\000o\000s\000:\000\040\000J\000a\000c\000o\000b\000i\000\040\000y\000\040\000G\000a\000u\000s\000s\000-\000S\000e\000i\000d\000e\000l}{chapter.1}% 13
\BOOKMARK [2][-]{subsection.1.3.1}{\376\377\000M\000\351\000t\000o\000d\000o\000\040\000d\000e\000\040\000J\000a\000c\000o\000b\000i}{section.1.3}% 14
\BOOKMARK [2][-]{subsection.1.3.2}{\376\377\000M\000\351\000t\000o\000d\000o\000\040\000d\000e\000\040\000G\000a\000u\000s\000s\000-\000S\000e\000i\000d\000e\000l}{section.1.3}% 15
\BOOKMARK [1][-]{section.1.4}{\376\377\000M\000\351\000t\000o\000d\000o\000\040\000d\000e\000\040\000S\000o\000b\000r\000e\000r\000r\000e\000l\000a\000j\000a\000c\000i\000\363\000n\000\040\000S\000u\000c\000e\000s\000i\000v\000a\000\040\000\050\000S\000O\000R\000\051}{chapter.1}% 16
\BOOKMARK [1][-]{section.1.5}{\376\377\000E\000s\000t\000a\000b\000i\000l\000i\000d\000a\000d\000\040\000d\000e\000l\000\040\000M\000\351\000t\000o\000d\000o}{chapter.1}% 17
\BOOKMARK [1][-]{section.1.6}{\376\377\000V\000e\000n\000t\000a\000j\000a\000s\000\040\000e\000\040\000I\000n\000c\000o\000n\000v\000e\000n\000i\000e\000n\000t\000e\000s\000\040\000d\000e\000\040\000S\000O\000R}{chapter.1}% 18
\BOOKMARK [2][-]{subsection.1.6.1}{\376\377\000V\000e\000n\000t\000a\000j\000a\000s}{section.1.6}% 19
\BOOKMARK [2][-]{subsection.1.6.2}{\376\377\000I\000n\000c\000o\000n\000v\000e\000n\000i\000e\000n\000t\000e\000s}{section.1.6}% 20
