\BOOKMARK [0][-]{section*.1}{\376\377\000C\000o\000p\000y\000r\000i\000g\000h\000t}{}% 1
\BOOKMARK [0][-]{section*.3}{\376\377\000\315\000n\000d\000i\000c\000e\000\040\000g\000e\000n\000e\000r\000a\000l}{}% 2
\BOOKMARK [0][-]{section*.4}{\376\377\000L\000i\000s\000t\000a\000\040\000d\000e\000\040\000F\000i\000g\000u\000r\000a\000s}{}% 3
\BOOKMARK [0][-]{section*.5}{\376\377\000L\000i\000s\000t\000a\000\040\000d\000e\000\040\000T\000a\000b\000l\000a\000s}{}% 4
\BOOKMARK [0][-]{chapter.1}{\376\377\000I\000n\000t\000r\000o\000d\000u\000c\000c\000i\000\363\000n\000\040\000a\000l\000\040\000p\000r\000o\000b\000l\000e\000m\000a}{}% 5
\BOOKMARK [1][-]{section.1.1}{\376\377\000P\000l\000a\000n\000t\000e\000a\000m\000i\000e\000n\000t\000o\000\040\000d\000e\000\040\000l\000a\000\040\000e\000c\000u\000a\000c\000i\000o\000n\000\040\000d\000e\000\040\000L\000a\000p\000l\000a\000c\000e}{chapter.1}% 6
\BOOKMARK [2][-]{subsection.1.1.1}{\376\377\000P\000l\000a\000n\000t\000e\000a\000m\000i\000e\000n\000t\000o\000\040\000d\000e\000\040\000l\000a\000\040\000e\000c\000u\000a\000c\000i\000\363\000n\000\040\000d\000e\000\040\000L\000a\000p\000l\000a\000c\000e\000\040\000e\000n\000\040\000c\000o\000o\000r\000d\000e\000n\000a\000d\000a\000s\000\040\000p\000o\000l\000a\000r\000e\000s}{section.1.1}% 7
\BOOKMARK [2][-]{subsection.1.1.2}{\376\377\000C\000o\000n\000d\000i\000c\000i\000o\000n\000e\000s\000\040\000d\000e\000\040\000f\000r\000o\000n\000t\000e\000r\000a}{section.1.1}% 8
\BOOKMARK [1][-]{section.1.2}{\376\377\000A\000d\000i\000m\000e\000n\000s\000i\000o\000n\000a\000l\000i\000z\000a\000c\000i\000\363\000n\000\040\000d\000e\000\040\000l\000a\000\040\000e\000c\000u\000a\000c\000i\000\363\000n\000\040\000d\000e\000\040\000L\000a\000p\000l\000a\000c\000e}{chapter.1}% 9
\BOOKMARK [2][-]{subsection.1.2.1}{\376\377\000V\000a\000r\000i\000a\000b\000l\000e\000s\000\040\000a\000d\000i\000m\000e\000n\000s\000i\000o\000n\000a\000l\000e\000s}{section.1.2}% 10
\BOOKMARK [2][-]{subsection.1.2.2}{\376\377\000E\000c\000u\000a\000c\000i\000\363\000n\000\040\000a\000d\000i\000m\000e\000n\000s\000i\000o\000n\000a\000l\000i\000z\000a\000d\000a}{section.1.2}% 11
\BOOKMARK [2][-]{subsection.1.2.3}{\376\377\000C\000o\000n\000d\000i\000c\000i\000o\000n\000e\000s\000\040\000d\000e\000\040\000f\000r\000o\000n\000t\000e\000r\000a\000\040\000a\000d\000i\000m\000e\000n\000s\000i\000o\000n\000a\000l\000i\000z\000a\000d\000a\000s}{section.1.2}% 12
\BOOKMARK [2][-]{subsection.1.2.4}{\376\377\000D\000i\000s\000c\000r\000e\000t\000i\000z\000a\000c\000i\000\363\000n\000\040\000d\000e\000\040\000l\000a\000\040\000e\000c\000u\000a\000c\000i\000\363\000n\000\040\000d\000e\000\040\000L\000a\000p\000l\000a\000c\000e}{section.1.2}% 13
\BOOKMARK [2][-]{subsection.1.2.5}{\376\377\000C\000o\000n\000d\000i\000c\000i\000o\000n\000e\000s\000\040\000d\000e\000\040\000f\000r\000o\000n\000t\000e\000r\000a\000\040\000d\000i\000s\000c\000r\000e\000t\000i\000z\000a\000d\000a\000s}{section.1.2}% 14
\BOOKMARK [1][-]{section.1.3}{\376\377\000M\000\351\000t\000o\000d\000o\000s\000\040\000I\000t\000e\000r\000a\000t\000i\000v\000o\000s\000:\000\040\000J\000a\000c\000o\000b\000i\000\040\000y\000\040\000G\000a\000u\000s\000s\000-\000S\000e\000i\000d\000e\000l}{chapter.1}% 15
\BOOKMARK [2][-]{subsection.1.3.1}{\376\377\000M\000\351\000t\000o\000d\000o\000\040\000d\000e\000\040\000J\000a\000c\000o\000b\000i}{section.1.3}% 16
\BOOKMARK [2][-]{subsection.1.3.2}{\376\377\000M\000\351\000t\000o\000d\000o\000\040\000d\000e\000\040\000G\000a\000u\000s\000s\000-\000S\000e\000i\000d\000e\000l}{section.1.3}% 17
\BOOKMARK [1][-]{section.1.4}{\376\377\000M\000\351\000t\000o\000d\000o\000\040\000d\000e\000\040\000S\000o\000b\000r\000e\000r\000r\000e\000l\000a\000j\000a\000c\000i\000\363\000n\000\040\000S\000u\000c\000e\000s\000i\000v\000a\000\040\000\050\000S\000O\000R\000\051}{chapter.1}% 18
\BOOKMARK [1][-]{section.1.5}{\376\377\000E\000s\000t\000a\000b\000i\000l\000i\000d\000a\000d\000\040\000d\000e\000l\000\040\000M\000\351\000t\000o\000d\000o}{chapter.1}% 19
\BOOKMARK [1][-]{section.1.6}{\376\377\000V\000e\000n\000t\000a\000j\000a\000s\000\040\000e\000\040\000I\000n\000c\000o\000n\000v\000e\000n\000i\000e\000n\000t\000e\000s\000\040\000d\000e\000\040\000S\000O\000R}{chapter.1}% 20
\BOOKMARK [2][-]{subsection.1.6.1}{\376\377\000V\000e\000n\000t\000a\000j\000a\000s}{section.1.6}% 21
\BOOKMARK [2][-]{subsection.1.6.2}{\376\377\000I\000n\000c\000o\000n\000v\000e\000n\000i\000e\000n\000t\000e\000s}{section.1.6}% 22
\BOOKMARK [0][-]{chapter.2}{\376\377\000M\000e\000t\000o\000d\000o\000l\000o\000g\000\355\000a}{}% 23
\BOOKMARK [1][-]{section.2.1}{\376\377\000R\000e\000s\000o\000l\000u\000c\000i\000\363\000n\000\040\000d\000e\000\040\000l\000a\000\040\000E\000c\000u\000a\000c\000i\000\363\000n\000\040\000d\000e\000\040\000L\000a\000p\000l\000a\000c\000e\000\040\000e\000n\000\040\000C\000o\000o\000r\000d\000e\000n\000a\000d\000a\000s\000\040\000P\000o\000l\000a\000r\000e\000s}{chapter.2}% 24
\BOOKMARK [2][-]{subsection.2.1.1}{\376\377\000D\000i\000s\000c\000r\000e\000t\000i\000z\000a\000c\000i\000\363\000n\000\040\000d\000e\000l\000\040\000D\000o\000m\000i\000n\000i\000o}{section.2.1}% 25
\BOOKMARK [2][-]{subsection.2.1.2}{\376\377\000E\000s\000q\000u\000e\000m\000a\000\040\000N\000u\000m\000\351\000r\000i\000c\000o}{section.2.1}% 26
\BOOKMARK [2][-]{subsection.2.1.3}{\376\377\000C\000o\000n\000d\000i\000c\000i\000o\000n\000e\000s\000\040\000d\000e\000\040\000F\000r\000o\000n\000t\000e\000r\000a}{section.2.1}% 27
\BOOKMARK [2][-]{subsection.2.1.4}{\376\377\000M\000\351\000t\000o\000d\000o\000\040\000I\000t\000e\000r\000a\000t\000i\000v\000o\000\040\000y\000\040\000S\000o\000b\000r\000e\000r\000r\000e\000l\000a\000j\000a\000c\000i\000\363\000n}{section.2.1}% 28
\BOOKMARK [2][-]{subsection.2.1.5}{\376\377\000C\000r\000i\000t\000e\000r\000i\000o\000\040\000d\000e\000\040\000C\000o\000n\000v\000e\000r\000g\000e\000n\000c\000i\000a}{section.2.1}% 29
\BOOKMARK [1][-]{section.2.2}{\376\377\000R\000e\000s\000o\000l\000u\000c\000i\000\363\000n\000\040\000d\000e\000\040\000l\000a\000\040\000E\000c\000u\000a\000c\000i\000\363\000n\000\040\000d\000e\000\040\000L\000a\000p\000l\000a\000c\000e\000\040\000e\000n\000\040\000C\000o\000o\000r\000d\000e\000n\000a\000d\000a\000s\000\040\000C\000a\000r\000t\000e\000s\000i\000a\000n\000a\000s}{chapter.2}% 30
\BOOKMARK [2][-]{subsection.2.2.1}{\376\377\000D\000i\000s\000c\000r\000e\000t\000i\000z\000a\000c\000i\000\363\000n\000\040\000d\000e\000l\000\040\000D\000o\000m\000i\000n\000i\000o}{section.2.2}% 31
\BOOKMARK [2][-]{subsection.2.2.2}{\376\377\000E\000s\000q\000u\000e\000m\000a\000\040\000N\000u\000m\000\351\000r\000i\000c\000o}{section.2.2}% 32
\BOOKMARK [2][-]{subsection.2.2.3}{\376\377\000C\000o\000n\000d\000i\000c\000i\000o\000n\000e\000s\000\040\000d\000e\000\040\000F\000r\000o\000n\000t\000e\000r\000a\000\040\000y\000\040\000D\000o\000m\000i\000n\000i\000o\000\040\000F\000\355\000s\000i\000c\000o}{section.2.2}% 33
\BOOKMARK [2][-]{subsection.2.2.4}{\376\377\000M\000\351\000t\000o\000d\000o\000\040\000I\000t\000e\000r\000a\000t\000i\000v\000o\000\040\000y\000\040\000S\000o\000b\000r\000e\000r\000r\000e\000l\000a\000j\000a\000c\000i\000\363\000n}{section.2.2}% 34
\BOOKMARK [2][-]{subsection.2.2.5}{\376\377\000C\000r\000i\000t\000e\000r\000i\000o\000\040\000d\000e\000\040\000C\000o\000n\000v\000e\000r\000g\000e\000n\000c\000i\000a}{section.2.2}% 35
\BOOKMARK [1][-]{section.2.3}{\376\377\000V\000e\000n\000t\000a\000j\000a\000s\000\040\000d\000e\000\040\000l\000a\000\040\000S\000o\000b\000r\000e\000r\000r\000e\000l\000a\000j\000a\000c\000i\000\363\000n}{chapter.2}% 36
\BOOKMARK [1][-]{section.2.4}{\376\377\000I\000m\000p\000l\000e\000m\000e\000n\000t\000a\000c\000i\000\363\000n\000\040\000y\000\040\000E\000v\000a\000l\000u\000a\000c\000i\000\363\000n}{chapter.2}% 37
\BOOKMARK [0][-]{chapter.3}{\376\377\000R\000e\000s\000u\000l\000t\000a\000d\000o\000s}{}% 38
\BOOKMARK [0][-]{chapter.4}{\376\377\000D\000i\000s\000c\000u\000s\000i\000\363\000n}{}% 39
\BOOKMARK [1][-]{section.4.1}{\376\377\000C\000o\000m\000p\000a\000r\000a\000c\000i\000\363\000n\000\040\000d\000e\000\040\000l\000a\000s\000\040\000d\000i\000s\000t\000r\000i\000b\000u\000c\000i\000o\000n\000e\000s\000\040\000d\000e\000\040\000t\000e\000m\000p\000e\000r\000a\000t\000u\000r\000a}{chapter.4}% 40
\BOOKMARK [2][-]{subsection.4.1.1}{\376\377\000D\000i\000s\000t\000r\000i\000b\000u\000c\000i\000\363\000n\000\040\000e\000n\000\040\000c\000o\000o\000r\000d\000e\000n\000a\000d\000a\000s\000\040\000c\000a\000r\000t\000e\000s\000i\000a\000n\000a\000s}{section.4.1}% 41
\BOOKMARK [2][-]{subsection.4.1.2}{\376\377\000D\000i\000s\000t\000r\000i\000b\000u\000c\000i\000\363\000n\000\040\000e\000n\000\040\000c\000o\000o\000r\000d\000e\000n\000a\000d\000a\000s\000\040\000p\000o\000l\000a\000r\000e\000s}{section.4.1}% 42
\BOOKMARK [1][-]{section.4.2}{\376\377\000C\000o\000m\000p\000a\000r\000a\000c\000i\000\363\000n\000\040\000e\000n\000t\000r\000e\000\040\000l\000o\000s\000\040\000m\000\351\000t\000o\000d\000o\000s}{chapter.4}% 43
\BOOKMARK [2][-]{subsection.4.2.1}{\376\377\000C\000o\000o\000r\000d\000e\000n\000a\000d\000a\000s\000\040\000c\000a\000r\000t\000e\000s\000i\000a\000n\000a\000s}{section.4.2}% 44
\BOOKMARK [2][-]{subsection.4.2.2}{\376\377\000C\000o\000o\000r\000d\000e\000n\000a\000d\000a\000s\000\040\000p\000o\000l\000a\000r\000e\000s}{section.4.2}% 45
\BOOKMARK [1][-]{section.4.3}{\376\377\000C\000o\000n\000v\000e\000r\000g\000e\000n\000c\000i\000a\000\040\000y\000\040\000e\000s\000t\000a\000b\000i\000l\000i\000d\000a\000d\000\040\000d\000e\000l\000\040\000m\000\351\000t\000o\000d\000o}{chapter.4}% 46
\BOOKMARK [1][-]{section.4.4}{\376\377\000I\000m\000p\000l\000i\000c\000a\000c\000i\000o\000n\000e\000s\000\040\000f\000\355\000s\000i\000c\000a\000s\000\040\000d\000e\000\040\000l\000o\000s\000\040\000r\000e\000s\000u\000l\000t\000a\000d\000o\000s}{chapter.4}% 47
\BOOKMARK [1][-]{section.4.5}{\376\377\000C\000o\000n\000c\000l\000u\000s\000i\000\363\000n}{chapter.4}% 48
\BOOKMARK [0][-]{section.4.5}{\376\377\000B\000i\000b\000l\000i\000o\000g\000r\000a\000f\000i\000a}{}% 49
\BOOKMARK [0][-]{appendix.Alph1}{\376\377\000m\000a\000i\000n\000.\000p\000y}{}% 50
